[debug] [2020-08-21T16:36:08.837Z] ----------------------------------------------------------------------
[debug] [2020-08-21T16:36:08.840Z] Command:       /usr/local/bin/node /usr/local/bin/firebase deploy
[debug] [2020-08-21T16:36:08.840Z] CLI Version:   8.6.0
[debug] [2020-08-21T16:36:08.840Z] Platform:      darwin
[debug] [2020-08-21T16:36:08.840Z] Node Version:  v14.8.0
[debug] [2020-08-21T16:36:08.842Z] Time:          Fri Aug 21 2020 12:36:08 GMT-0400 (Venezuela Time)
[debug] [2020-08-21T16:36:08.842Z] ----------------------------------------------------------------------
[debug] [2020-08-21T16:36:08.842Z] 
[debug] [2020-08-21T16:36:08.856Z] > command requires scopes: ["email","openid","https://www.googleapis.com/auth/cloudplatformprojects.readonly","https://www.googleapis.com/auth/firebase","https://www.googleapis.com/auth/cloud-platform"]
[debug] [2020-08-21T16:36:08.857Z] > authorizing via signed-in user
[debug] [2020-08-21T16:36:08.857Z] [iam] checking project aether-ticket for permissions ["cloudfunctions.functions.create","cloudfunctions.functions.delete","cloudfunctions.functions.get","cloudfunctions.functions.list","cloudfunctions.functions.update","cloudfunctions.operations.get","firebase.projects.get","firebasehosting.sites.update"]
[debug] [2020-08-21T16:36:08.860Z] >>> HTTP REQUEST POST https://cloudresourcemanager.googleapis.com/v1/projects/aether-ticket:testIamPermissions  
 {"permissions":["cloudfunctions.functions.create","cloudfunctions.functions.delete","cloudfunctions.functions.get","cloudfunctions.functions.list","cloudfunctions.functions.update","cloudfunctions.operations.get","firebase.projects.get","firebasehosting.sites.update"]}
[debug] [2020-08-21T16:36:38.913Z] [iam] error while checking permissions, command may fail: FirebaseError: Server Error. getaddrinfo ENOTFOUND cloudresourcemanager.googleapis.com
[debug] [2020-08-21T16:36:38.915Z] >>> HTTP REQUEST POST https://iam.googleapis.com/v1/projects/aether-ticket/serviceAccounts/aether-ticket@appspot.gserviceaccount.com:testIamPermissions  
 {"permissions":["iam.serviceAccounts.actAs"]}
[debug] [2020-08-21T16:37:08.926Z] [functions] service account IAM check errored, deploy may fail: Server Error. getaddrinfo ENOTFOUND iam.googleapis.com {"name":"FirebaseError","children":[],"exit":2,"message":"Server Error. getaddrinfo ENOTFOUND iam.googleapis.com","original":{"errno":-3008,"code":"ENOTFOUND","syscall":"getaddrinfo","hostname":"iam.googleapis.com"},"status":500}
[debug] [2020-08-21T16:37:08.928Z] >>> HTTP REQUEST GET https://firebase.googleapis.com/v1beta1/projects/aether-ticket  
 
[debug] [2020-08-21T16:37:38.935Z] Server Error. ETIMEDOUT
[debug] [2020-08-21T16:38:08.944Z] FirebaseError: Server Error. ETIMEDOUT
    at Request._callback (/usr/local/lib/node_modules/firebase-tools/lib/api.js:32:31)
    at self.callback (/usr/local/lib/node_modules/firebase-tools/node_modules/request/request.js:185:22)
    at Request.emit (events.js:314:20)
    at Request.EventEmitter.emit (domain.js:486:12)
    at Timeout.<anonymous> (/usr/local/lib/node_modules/firebase-tools/node_modules/request/request.js:851:16)
    at listOnTimeout (internal/timers.js:551:17)
    at processTimers (internal/timers.js:494:7)
[error] 
[error] Error: Failed to get Firebase project aether-ticket. Please make sure the project exists and your account has permission to access it.
[debug] [2020-08-21T17:06:37.052Z] ----------------------------------------------------------------------
[debug] [2020-08-21T17:06:37.057Z] Command:       /usr/local/bin/node /usr/local/bin/firebase deploy
[debug] [2020-08-21T17:06:37.058Z] CLI Version:   8.6.0
[debug] [2020-08-21T17:06:37.058Z] Platform:      darwin
[debug] [2020-08-21T17:06:37.058Z] Node Version:  v14.8.0
[debug] [2020-08-21T17:06:37.060Z] Time:          Fri Aug 21 2020 13:06:37 GMT-0400 (Venezuela Time)
[debug] [2020-08-21T17:06:37.061Z] ----------------------------------------------------------------------
[debug] [2020-08-21T17:06:37.061Z] 
[debug] [2020-08-21T17:06:37.076Z] > command requires scopes: ["email","openid","https://www.googleapis.com/auth/cloudplatformprojects.readonly","https://www.googleapis.com/auth/firebase","https://www.googleapis.com/auth/cloud-platform"]
[debug] [2020-08-21T17:06:37.077Z] > authorizing via signed-in user
[debug] [2020-08-21T17:06:37.077Z] [iam] checking project aether-ticket for permissions ["cloudfunctions.functions.create","cloudfunctions.functions.delete","cloudfunctions.functions.get","cloudfunctions.functions.list","cloudfunctions.functions.update","cloudfunctions.operations.get","firebase.projects.get","firebasehosting.sites.update"]
[debug] [2020-08-21T17:06:37.081Z] > refreshing access token with scopes: ["email","https://www.googleapis.com/auth/cloud-platform","https://www.googleapis.com/auth/cloudplatformprojects.readonly","https://www.googleapis.com/auth/firebase","openid"]
[debug] [2020-08-21T17:06:37.082Z] >>> HTTP REQUEST POST https://www.googleapis.com/oauth2/v3/token  
 <request body omitted>
[debug] [2020-08-21T17:06:37.428Z] <<< HTTP RESPONSE 200 {"content-type":"application/json; charset=utf-8","vary":"X-Origin, Referer, Origin,Accept-Encoding","date":"Fri, 21 Aug 2020 17:06:37 GMT","server":"scaffolding on HTTPServer2","cache-control":"private","x-xss-protection":"0","x-frame-options":"SAMEORIGIN","x-content-type-options":"nosniff","alt-svc":"h3-29=\":443\"; ma=2592000,h3-27=\":443\"; ma=2592000,h3-T050=\":443\"; ma=2592000,h3-Q050=\":443\"; ma=2592000,h3-Q046=\":443\"; ma=2592000,h3-Q043=\":443\"; ma=2592000,quic=\":443\"; ma=2592000; v=\"46,43\"","accept-ranges":"none","transfer-encoding":"chunked"}
[debug] [2020-08-21T17:06:37.475Z] >>> HTTP REQUEST POST https://cloudresourcemanager.googleapis.com/v1/projects/aether-ticket:testIamPermissions  
 {"permissions":["cloudfunctions.functions.create","cloudfunctions.functions.delete","cloudfunctions.functions.get","cloudfunctions.functions.list","cloudfunctions.functions.update","cloudfunctions.operations.get","firebase.projects.get","firebasehosting.sites.update"]}
[debug] [2020-08-21T17:06:37.886Z] <<< HTTP RESPONSE 200 {"content-type":"application/json; charset=UTF-8","vary":"X-Origin, Referer, Origin,Accept-Encoding","date":"Fri, 21 Aug 2020 17:06:37 GMT","server":"ESF","cache-control":"private","x-xss-protection":"0","x-frame-options":"SAMEORIGIN","x-content-type-options":"nosniff","server-timing":"gfet4t7; dur=160","alt-svc":"h3-29=\":443\"; ma=2592000,h3-27=\":443\"; ma=2592000,h3-T050=\":443\"; ma=2592000,h3-Q050=\":443\"; ma=2592000,h3-Q046=\":443\"; ma=2592000,h3-Q043=\":443\"; ma=2592000,quic=\":443\"; ma=2592000; v=\"46,43\"","accept-ranges":"none","transfer-encoding":"chunked"}
[debug] [2020-08-21T17:06:37.888Z] >>> HTTP REQUEST POST https://iam.googleapis.com/v1/projects/aether-ticket/serviceAccounts/aether-ticket@appspot.gserviceaccount.com:testIamPermissions  
 {"permissions":["iam.serviceAccounts.actAs"]}
[debug] [2020-08-21T17:06:38.293Z] <<< HTTP RESPONSE 200 {"content-type":"application/json; charset=UTF-8","vary":"X-Origin, Referer, Origin,Accept-Encoding","date":"Fri, 21 Aug 2020 17:06:38 GMT","server":"ESF","cache-control":"private","x-xss-protection":"0","x-frame-options":"SAMEORIGIN","x-content-type-options":"nosniff","alt-svc":"h3-29=\":443\"; ma=2592000,h3-27=\":443\"; ma=2592000,h3-T050=\":443\"; ma=2592000,h3-Q050=\":443\"; ma=2592000,h3-Q046=\":443\"; ma=2592000,h3-Q043=\":443\"; ma=2592000,quic=\":443\"; ma=2592000; v=\"46,43\"","accept-ranges":"none","transfer-encoding":"chunked"}
[debug] [2020-08-21T17:06:38.294Z] >>> HTTP REQUEST GET https://firebase.googleapis.com/v1beta1/projects/aether-ticket  
 
[debug] [2020-08-21T17:06:38.724Z] <<< HTTP RESPONSE 200 {"content-type":"application/json; charset=UTF-8","vary":"X-Origin, Referer, Origin,Accept-Encoding","date":"Fri, 21 Aug 2020 17:06:38 GMT","server":"ESF","cache-control":"private","x-xss-protection":"0","x-frame-options":"SAMEORIGIN","x-content-type-options":"nosniff","alt-svc":"h3-29=\":443\"; ma=2592000,h3-27=\":443\"; ma=2592000,h3-T050=\":443\"; ma=2592000,h3-Q050=\":443\"; ma=2592000,h3-Q046=\":443\"; ma=2592000,h3-Q043=\":443\"; ma=2592000,quic=\":443\"; ma=2592000; v=\"46,43\"","accept-ranges":"none","transfer-encoding":"chunked"}
