[debug] [2020-08-27T02:28:44.451Z] ----------------------------------------------------------------------
[debug] [2020-08-27T02:28:44.454Z] Command:       C:\Program Files\nodejs\node.exe C:\Users\Juan\AppData\Roaming\npm\node_modules\firebase-tools\lib\bin\firebase.js serve
[debug] [2020-08-27T02:28:44.455Z] CLI Version:   8.7.0
[debug] [2020-08-27T02:28:44.455Z] Platform:      win32
[debug] [2020-08-27T02:28:44.455Z] Node Version:  v12.16.1
[debug] [2020-08-27T02:28:44.457Z] Time:          Wed Aug 26 2020 22:28:44 GMT-0400 (Venezuela Time)
[debug] [2020-08-27T02:28:44.457Z] ----------------------------------------------------------------------
[debug] [2020-08-27T02:28:44.457Z] 
[debug] [2020-08-27T02:28:44.477Z] > command requires scopes: ["email","openid","https://www.googleapis.com/auth/cloudplatformprojects.readonly","https://www.googleapis.com/auth/firebase","https://www.googleapis.com/auth/cloud-platform"]
[debug] [2020-08-27T02:28:44.478Z] > authorizing via signed-in user
[debug] [2020-08-27T02:28:44.479Z] [iam] checking project aether-ticket for permissions ["firebase.projects.get"]
[debug] [2020-08-27T02:28:44.482Z] > refreshing access token with scopes: ["email","https://www.googleapis.com/auth/cloud-platform","https://www.googleapis.com/auth/cloudplatformprojects.readonly","https://www.googleapis.com/auth/firebase","openid"]
[debug] [2020-08-27T02:28:44.483Z] >>> HTTP REQUEST POST https://www.googleapis.com/oauth2/v3/token  
 <request body omitted>
[debug] [2020-08-30T02:37:59.505Z] ----------------------------------------------------------------------
[debug] [2020-08-30T02:37:59.509Z] Command:       C:\Program Files\nodejs\node.exe C:\Users\Juan\AppData\Roaming\npm\node_modules\firebase-tools\lib\bin\firebase.js serve
[debug] [2020-08-30T02:37:59.510Z] CLI Version:   8.7.0
[debug] [2020-08-30T02:37:59.510Z] Platform:      win32
[debug] [2020-08-30T02:37:59.510Z] Node Version:  v12.16.1
[debug] [2020-08-30T02:37:59.513Z] Time:          Sat Aug 29 2020 22:37:59 GMT-0400 (Venezuela Time)
[debug] [2020-08-30T02:37:59.513Z] ----------------------------------------------------------------------
[debug] [2020-08-30T02:37:59.514Z] 
[debug] [2020-08-30T02:37:59.530Z] > command requires scopes: ["email","openid","https://www.googleapis.com/auth/cloudplatformprojects.readonly","https://www.googleapis.com/auth/firebase","https://www.googleapis.com/auth/cloud-platform"]
[debug] [2020-08-30T02:37:59.532Z] > authorizing via signed-in user
[debug] [2020-08-30T02:37:59.532Z] [iam] checking project aether-ticket for permissions ["firebase.projects.get"]
[debug] [2020-08-30T02:37:59.537Z] > refreshing access token with scopes: ["email","https://www.googleapis.com/auth/cloud-platform","https://www.googleapis.com/auth/cloudplatformprojects.readonly","https://www.googleapis.com/auth/firebase","openid"]
[debug] [2020-08-30T02:37:59.537Z] >>> HTTP REQUEST POST https://www.googleapis.com/oauth2/v3/token  
 <request body omitted>
[debug] [2020-08-30T02:38:00.450Z] <<< HTTP RESPONSE 200 {"content-type":"application/json; charset=utf-8","vary":"X-Origin, Referer, Origin,Accept-Encoding","date":"Sun, 30 Aug 2020 02:37:58 GMT","server":"scaffolding on HTTPServer2","cache-control":"private","x-xss-protection":"0","x-frame-options":"SAMEORIGIN","x-content-type-options":"nosniff","alt-svc":"h3-29=\":443\"; ma=2592000,h3-27=\":443\"; ma=2592000,h3-T051=\":443\"; ma=2592000,h3-T050=\":443\"; ma=2592000,h3-Q050=\":443\"; ma=2592000,h3-Q046=\":443\"; ma=2592000,h3-Q043=\":443\"; ma=2592000,quic=\":443\"; ma=2592000; v=\"46,43\"","accept-ranges":"none","transfer-encoding":"chunked"}
[debug] [2020-08-30T02:38:00.540Z] >>> HTTP REQUEST POST https://cloudresourcemanager.googleapis.com/v1/projects/aether-ticket:testIamPermissions  
 {"permissions":["firebase.projects.get"]}
[debug] [2020-08-30T02:38:01.655Z] <<< HTTP RESPONSE 200 {"content-type":"application/json; charset=UTF-8","vary":"X-Origin, Referer, Origin,Accept-Encoding","date":"Sun, 30 Aug 2020 02:38:00 GMT","server":"ESF","cache-control":"private","x-xss-protection":"0","x-frame-options":"SAMEORIGIN","x-content-type-options":"nosniff","server-timing":"gfet4t7; dur=178","alt-svc":"h3-29=\":443\"; ma=2592000,h3-27=\":443\"; ma=2592000,h3-T051=\":443\"; ma=2592000,h3-T050=\":443\"; ma=2592000,h3-Q050=\":443\"; ma=2592000,h3-Q046=\":443\"; ma=2592000,h3-Q043=\":443\"; ma=2592000,quic=\":443\"; ma=2592000; v=\"46,43\"","accept-ranges":"none","transfer-encoding":"chunked"}
[debug] [2020-08-30T02:38:01.658Z] >>> HTTP REQUEST GET https://firebase.googleapis.com/v1beta1/projects/aether-ticket  
 
[debug] [2020-08-30T02:38:03.184Z] <<< HTTP RESPONSE 200 {"content-type":"application/json; charset=UTF-8","vary":"X-Origin, Referer, Origin,Accept-Encoding","date":"Sun, 30 Aug 2020 02:38:01 GMT","server":"ESF","cache-control":"private","x-xss-protection":"0","x-frame-options":"SAMEORIGIN","x-content-type-options":"nosniff","alt-svc":"h3-29=\":443\"; ma=2592000,h3-27=\":443\"; ma=2592000,h3-T051=\":443\"; ma=2592000,h3-T050=\":443\"; ma=2592000,h3-Q050=\":443\"; ma=2592000,h3-Q046=\":443\"; ma=2592000,h3-Q043=\":443\"; ma=2592000,quic=\":443\"; ma=2592000; v=\"46,43\"","accept-ranges":"none","transfer-encoding":"chunked"}
[info] 
[info] === Serving from 'C:\Users\Juan\Desktop\Aether - Tickets\tickets-aether'...
[info] 
[debug] [2020-08-30T02:38:03.285Z] >>> HTTP REQUEST GET https://firebase.googleapis.com/v1beta1/projects/aether-ticket/webApps/-/config  
 
[debug] [2020-08-30T02:38:04.201Z] <<< HTTP RESPONSE 200 {"content-type":"application/json; charset=UTF-8","vary":"X-Origin, Referer, Origin,Accept-Encoding","date":"Sun, 30 Aug 2020 02:38:02 GMT","server":"ESF","cache-control":"private","x-xss-protection":"0","x-frame-options":"SAMEORIGIN","x-content-type-options":"nosniff","alt-svc":"h3-29=\":443\"; ma=2592000,h3-27=\":443\"; ma=2592000,h3-T051=\":443\"; ma=2592000,h3-T050=\":443\"; ma=2592000,h3-Q050=\":443\"; ma=2592000,h3-Q046=\":443\"; ma=2592000,h3-Q043=\":443\"; ma=2592000,quic=\":443\"; ma=2592000; v=\"46,43\"","accept-ranges":"none","transfer-encoding":"chunked"}
[info] i  hosting[aether-ticket-support]: Serving hosting files from: build {"metadata":{"emulator":{"name":"hosting"},"message":"Serving hosting files from: \u001b[1mbuild\u001b[22m"}}
[info] +  hosting[aether-ticket-support]: Local server: http://localhost:5000 {"metadata":{"emulator":{"name":"hosting"},"message":"Local server: \u001b[4m\u001b[1mhttp://localhost:5000\u001b[22m\u001b[24m"}}
[warn] !  Your requested "node" version "10" doesn't match your global version "12" {"metadata":{"emulator":{"name":"functions"},"message":"Your requested \"node\" version \"10\" doesn't match your global version \"12\""}}
[info] i  functions: Watching "C:\Users\Juan\Desktop\Aether - Tickets\tickets-aether\functions" for Cloud Functions... {"metadata":{"emulator":{"name":"functions"},"message":"Watching \"C:\\Users\\Juan\\Desktop\\Aether - Tickets\\tickets-aether\\functions\" for Cloud Functions..."}}
[debug] [2020-08-30T02:38:05.452Z] [worker-pool] addWorker(~diagnostic~) {"metadata":{"emulator":{"name":"functions"},"message":"[worker-pool] addWorker(~diagnostic~)"}}
[debug] [2020-08-30T02:38:05.453Z] [worker-pool] Adding worker with key ~diagnostic~, total=1 {"metadata":{"emulator":{"name":"functions"},"message":"[worker-pool] Adding worker with key ~diagnostic~, total=1"}}
[debug] [2020-08-30T02:38:05.454Z] [worker-pool] submitWork(triggerId=) {"metadata":{"emulator":{"name":"functions"},"message":"[worker-pool] submitWork(triggerId=)"}}
[debug] [2020-08-30T02:38:05.454Z] [worker-~diagnostic~-b11b9a58-303f-4b95-ab1d-7c4ec2e68ddb]: Assigning socketPath: \\?\pipe\C:\Users\Juan\Desktop\Aether - Tickets\tickets-aether\functions\16492 {"metadata":{"emulator":{"name":"functions"},"message":"[worker-~diagnostic~-b11b9a58-303f-4b95-ab1d-7c4ec2e68ddb]: Assigning socketPath: \\\\?\\pipe\\C:\\Users\\Juan\\Desktop\\Aether - Tickets\\tickets-aether\\functions\\16492"}}
[debug] [2020-08-30T02:38:05.455Z] [worker-~diagnostic~-b11b9a58-303f-4b95-ab1d-7c4ec2e68ddb]: BUSY {"metadata":{"emulator":{"name":"functions"},"message":"[worker-~diagnostic~-b11b9a58-303f-4b95-ab1d-7c4ec2e68ddb]: BUSY"}}
[debug] [2020-08-30T02:38:06.668Z] [runtime-status] [16492] Functions runtime initialized. {"cwd":"C:\\Users\\Juan\\Desktop\\Aether - Tickets\\tickets-aether\\functions","node_version":"12.16.1"} {"metadata":{"emulator":{"name":"functions"},"message":"[runtime-status] [16492] Functions runtime initialized. {\"cwd\":\"C:\\\\Users\\\\Juan\\\\Desktop\\\\Aether - Tickets\\\\tickets-aether\\\\functions\",\"node_version\":\"12.16.1\"}"}}
[debug] [2020-08-30T02:38:06.686Z] [runtime-status] [16492] Disabled runtime features: undefined {"metadata":{"emulator":{"name":"functions"},"message":"[runtime-status] [16492] Disabled runtime features: undefined"}}
[debug] [2020-08-30T02:38:06.732Z] [runtime-status] [16492] Resolved module firebase-admin {"declared":true,"installed":true,"version":"8.13.0","resolution":"C:\\Users\\Juan\\Desktop\\Aether - Tickets\\tickets-aether\\functions\\node_modules\\firebase-admin\\lib\\index.js"} {"metadata":{"emulator":{"name":"functions"},"message":"[runtime-status] [16492] Resolved module firebase-admin {\"declared\":true,\"installed\":true,\"version\":\"8.13.0\",\"resolution\":\"C:\\\\Users\\\\Juan\\\\Desktop\\\\Aether - Tickets\\\\tickets-aether\\\\functions\\\\node_modules\\\\firebase-admin\\\\lib\\\\index.js\"}"}}
[debug] [2020-08-30T02:38:06.752Z] [runtime-status] [16492] Resolved module firebase-functions {"declared":true,"installed":true,"version":"3.9.1","resolution":"C:\\Users\\Juan\\Desktop\\Aether - Tickets\\tickets-aether\\functions\\node_modules\\firebase-functions\\lib\\index.js"} {"metadata":{"emulator":{"name":"functions"},"message":"[runtime-status] [16492] Resolved module firebase-functions {\"declared\":true,\"installed\":true,\"version\":\"3.9.1\",\"resolution\":\"C:\\\\Users\\\\Juan\\\\Desktop\\\\Aether - Tickets\\\\tickets-aether\\\\functions\\\\node_modules\\\\firebase-functions\\\\lib\\\\index.js\"}"}}
[debug] [2020-08-30T02:38:06.756Z] [runtime-status] [16492] Resolved module firebase-functions {"declared":true,"installed":true,"version":"3.9.1","resolution":"C:\\Users\\Juan\\Desktop\\Aether - Tickets\\tickets-aether\\functions\\node_modules\\firebase-functions\\lib\\index.js"} {"metadata":{"emulator":{"name":"functions"},"message":"[runtime-status] [16492] Resolved module firebase-functions {\"declared\":true,\"installed\":true,\"version\":\"3.9.1\",\"resolution\":\"C:\\\\Users\\\\Juan\\\\Desktop\\\\Aether - Tickets\\\\tickets-aether\\\\functions\\\\node_modules\\\\firebase-functions\\\\lib\\\\index.js\"}"}}
[debug] [2020-08-30T02:38:06.762Z] [runtime-status] [16492] Outgoing network have been stubbed. [{"name":"http","status":"mocked"},{"name":"http","status":"mocked"},{"name":"https","status":"mocked"},{"name":"https","status":"mocked"},{"name":"net","status":"mocked"}] {"metadata":{"emulator":{"name":"functions"},"message":"[runtime-status] [16492] Outgoing network have been stubbed. [{\"name\":\"http\",\"status\":\"mocked\"},{\"name\":\"http\",\"status\":\"mocked\"},{\"name\":\"https\",\"status\":\"mocked\"},{\"name\":\"https\",\"status\":\"mocked\"},{\"name\":\"net\",\"status\":\"mocked\"}]"}}
[debug] [2020-08-30T02:38:06.768Z] [runtime-status] [16492] Resolved module firebase-functions {"declared":true,"installed":true,"version":"3.9.1","resolution":"C:\\Users\\Juan\\Desktop\\Aether - Tickets\\tickets-aether\\functions\\node_modules\\firebase-functions\\lib\\index.js"} {"metadata":{"emulator":{"name":"functions"},"message":"[runtime-status] [16492] Resolved module firebase-functions {\"declared\":true,\"installed\":true,\"version\":\"3.9.1\",\"resolution\":\"C:\\\\Users\\\\Juan\\\\Desktop\\\\Aether - Tickets\\\\tickets-aether\\\\functions\\\\node_modules\\\\firebase-functions\\\\lib\\\\index.js\"}"}}
[debug] [2020-08-30T02:38:07.617Z] [runtime-status] [16492] Checked functions.config() {"config":{}} {"metadata":{"emulator":{"name":"functions"},"message":"[runtime-status] [16492] Checked functions.config() {\"config\":{}}"}}
[debug] [2020-08-30T02:38:07.619Z] [runtime-status] [16492] firebase-functions has been stubbed. {"functionsResolution":{"declared":true,"installed":true,"version":"3.9.1","resolution":"C:\\Users\\Juan\\Desktop\\Aether - Tickets\\tickets-aether\\functions\\node_modules\\firebase-functions\\lib\\index.js"}} {"metadata":{"emulator":{"name":"functions"},"message":"[runtime-status] [16492] firebase-functions has been stubbed. {\"functionsResolution\":{\"declared\":true,\"installed\":true,\"version\":\"3.9.1\",\"resolution\":\"C:\\\\Users\\\\Juan\\\\Desktop\\\\Aether - Tickets\\\\tickets-aether\\\\functions\\\\node_modules\\\\firebase-functions\\\\lib\\\\index.js\"}}"}}
[debug] [2020-08-30T02:38:07.623Z] [runtime-status] [16492] Resolved module firebase-functions {"declared":true,"installed":true,"version":"3.9.1","resolution":"C:\\Users\\Juan\\Desktop\\Aether - Tickets\\tickets-aether\\functions\\node_modules\\firebase-functions\\lib\\index.js"} {"metadata":{"emulator":{"name":"functions"},"message":"[runtime-status] [16492] Resolved module firebase-functions {\"declared\":true,\"installed\":true,\"version\":\"3.9.1\",\"resolution\":\"C:\\\\Users\\\\Juan\\\\Desktop\\\\Aether - Tickets\\\\tickets-aether\\\\functions\\\\node_modules\\\\firebase-functions\\\\lib\\\\index.js\"}"}}
[debug] [2020-08-30T02:38:07.633Z] [runtime-status] [16492] Resolved module firebase-admin {"declared":true,"installed":true,"version":"8.13.0","resolution":"C:\\Users\\Juan\\Desktop\\Aether - Tickets\\tickets-aether\\functions\\node_modules\\firebase-admin\\lib\\index.js"} {"metadata":{"emulator":{"name":"functions"},"message":"[runtime-status] [16492] Resolved module firebase-admin {\"declared\":true,\"installed\":true,\"version\":\"8.13.0\",\"resolution\":\"C:\\\\Users\\\\Juan\\\\Desktop\\\\Aether - Tickets\\\\tickets-aether\\\\functions\\\\node_modules\\\\firebase-admin\\\\lib\\\\index.js\"}"}}
[debug] [2020-08-30T02:38:07.638Z] [runtime-status] [16492] Resolved module firebase-functions {"declared":true,"installed":true,"version":"3.9.1","resolution":"C:\\Users\\Juan\\Desktop\\Aether - Tickets\\tickets-aether\\functions\\node_modules\\firebase-functions\\lib\\index.js"} {"metadata":{"emulator":{"name":"functions"},"message":"[runtime-status] [16492] Resolved module firebase-functions {\"declared\":true,\"installed\":true,\"version\":\"3.9.1\",\"resolution\":\"C:\\\\Users\\\\Juan\\\\Desktop\\\\Aether - Tickets\\\\tickets-aether\\\\functions\\\\node_modules\\\\firebase-functions\\\\lib\\\\index.js\"}"}}
[debug] [2020-08-30T02:38:07.639Z] [runtime-status] [16492] firebase-admin has been stubbed. {"adminResolution":{"declared":true,"installed":true,"version":"8.13.0","resolution":"C:\\Users\\Juan\\Desktop\\Aether - Tickets\\tickets-aether\\functions\\node_modules\\firebase-admin\\lib\\index.js"}} {"metadata":{"emulator":{"name":"functions"},"message":"[runtime-status] [16492] firebase-admin has been stubbed. {\"adminResolution\":{\"declared\":true,\"installed\":true,\"version\":\"8.13.0\",\"resolution\":\"C:\\\\Users\\\\Juan\\\\Desktop\\\\Aether - Tickets\\\\tickets-aether\\\\functions\\\\node_modules\\\\firebase-admin\\\\lib\\\\index.js\"}}"}}
[debug] [2020-08-30T02:38:09.906Z] [runtime-status] [16492] initializeApp(DEFAULT) {"databaseURL":"https://aether-ticket.firebaseio.com","storageBucket":"aether-ticket.appspot.com","projectId":"aether-ticket"} {"metadata":{"emulator":{"name":"functions"},"message":"[runtime-status] [16492] initializeApp(DEFAULT) {\"databaseURL\":\"https://aether-ticket.firebaseio.com\",\"storageBucket\":\"aether-ticket.appspot.com\",\"projectId\":\"aether-ticket\"}"}}
[info] +  functions[addMessage]: http function initialized (http://localhost:5001/aether-ticket/us-central1/addMessage). {"metadata":{"emulator":{"name":"functions"},"message":"\u001b[1mhttp\u001b[22m function initialized (http://localhost:5001/aether-ticket/us-central1/addMessage)."}}
[info] i  functions[emailGoodBye]: function ignored because the firestore emulator does not exist or is not running. {"metadata":{"emulator":{"name":"functions"},"message":"function ignored because the firestore emulator does not exist or is not running."}}
[debug] [2020-08-30T02:38:10.326Z] [worker-~diagnostic~-b11b9a58-303f-4b95-ab1d-7c4ec2e68ddb]: IDLE {"metadata":{"emulator":{"name":"functions"},"message":"[worker-~diagnostic~-b11b9a58-303f-4b95-ab1d-7c4ec2e68ddb]: IDLE"}}
[debug] [2020-08-30T02:40:33.831Z] [work-queue] {"queueLength":1,"workRunningCount":0}
[debug] [2020-08-30T02:40:33.835Z] [work-queue] {"queueLength":0,"workRunningCount":1}
[debug] [2020-08-30T02:40:33.839Z] Accepted request GET /aether-ticket/us-central1/addMessage --> addMessage
[debug] [2020-08-30T02:40:33.868Z] [worker-pool] addWorker(addMessage) {"metadata":{"emulator":{"name":"functions"},"message":"[worker-pool] addWorker(addMessage)"}}
[debug] [2020-08-30T02:40:33.869Z] [worker-pool] Adding worker with key addMessage, total=1 {"metadata":{"emulator":{"name":"functions"},"message":"[worker-pool] Adding worker with key addMessage, total=1"}}
[debug] [2020-08-30T02:40:33.869Z] [worker-pool] submitWork(triggerId=addMessage) {"metadata":{"emulator":{"name":"functions"},"message":"[worker-pool] submitWork(triggerId=addMessage)"}}
[debug] [2020-08-30T02:40:33.870Z] [worker-addMessage-69f28691-0c70-4a9f-810d-1a3eff2df09a]: Assigning socketPath: \\?\pipe\C:\Users\Juan\Desktop\Aether - Tickets\tickets-aether\functions\2788 {"metadata":{"emulator":{"name":"functions"},"message":"[worker-addMessage-69f28691-0c70-4a9f-810d-1a3eff2df09a]: Assigning socketPath: \\\\?\\pipe\\C:\\Users\\Juan\\Desktop\\Aether - Tickets\\tickets-aether\\functions\\2788"}}
[debug] [2020-08-30T02:40:33.870Z] [worker-addMessage-69f28691-0c70-4a9f-810d-1a3eff2df09a]: BUSY {"metadata":{"emulator":{"name":"functions"},"message":"[worker-addMessage-69f28691-0c70-4a9f-810d-1a3eff2df09a]: BUSY"}}
[debug] [2020-08-30T02:40:34.847Z] [runtime-status] [2788] Functions runtime initialized. {"cwd":"C:\\Users\\Juan\\Desktop\\Aether - Tickets\\tickets-aether\\functions","node_version":"12.16.1"} {"metadata":{"emulator":{"name":"functions"},"function":{"name":"addMessage"},"message":"[runtime-status] [2788] Functions runtime initialized. {\"cwd\":\"C:\\\\Users\\\\Juan\\\\Desktop\\\\Aether - Tickets\\\\tickets-aether\\\\functions\",\"node_version\":\"12.16.1\"}"}}
[debug] [2020-08-30T02:40:34.858Z] [runtime-status] [2788] Disabled runtime features: undefined {"metadata":{"emulator":{"name":"functions"},"function":{"name":"addMessage"},"message":"[runtime-status] [2788] Disabled runtime features: undefined"}}
[debug] [2020-08-30T02:40:34.872Z] [runtime-status] [2788] Resolved module firebase-admin {"declared":true,"installed":true,"version":"8.13.0","resolution":"C:\\Users\\Juan\\Desktop\\Aether - Tickets\\tickets-aether\\functions\\node_modules\\firebase-admin\\lib\\index.js"} {"metadata":{"emulator":{"name":"functions"},"function":{"name":"addMessage"},"message":"[runtime-status] [2788] Resolved module firebase-admin {\"declared\":true,\"installed\":true,\"version\":\"8.13.0\",\"resolution\":\"C:\\\\Users\\\\Juan\\\\Desktop\\\\Aether - Tickets\\\\tickets-aether\\\\functions\\\\node_modules\\\\firebase-admin\\\\lib\\\\index.js\"}"}}
[debug] [2020-08-30T02:40:34.878Z] [runtime-status] [2788] Resolved module firebase-functions {"declared":true,"installed":true,"version":"3.9.1","resolution":"C:\\Users\\Juan\\Desktop\\Aether - Tickets\\tickets-aether\\functions\\node_modules\\firebase-functions\\lib\\index.js"} {"metadata":{"emulator":{"name":"functions"},"function":{"name":"addMessage"},"message":"[runtime-status] [2788] Resolved module firebase-functions {\"declared\":true,\"installed\":true,\"version\":\"3.9.1\",\"resolution\":\"C:\\\\Users\\\\Juan\\\\Desktop\\\\Aether - Tickets\\\\tickets-aether\\\\functions\\\\node_modules\\\\firebase-functions\\\\lib\\\\index.js\"}"}}
[debug] [2020-08-30T02:40:34.880Z] [runtime-status] [2788] Resolved module firebase-functions {"declared":true,"installed":true,"version":"3.9.1","resolution":"C:\\Users\\Juan\\Desktop\\Aether - Tickets\\tickets-aether\\functions\\node_modules\\firebase-functions\\lib\\index.js"} {"metadata":{"emulator":{"name":"functions"},"function":{"name":"addMessage"},"message":"[runtime-status] [2788] Resolved module firebase-functions {\"declared\":true,\"installed\":true,\"version\":\"3.9.1\",\"resolution\":\"C:\\\\Users\\\\Juan\\\\Desktop\\\\Aether - Tickets\\\\tickets-aether\\\\functions\\\\node_modules\\\\firebase-functions\\\\lib\\\\index.js\"}"}}
[debug] [2020-08-30T02:40:34.887Z] [runtime-status] [2788] Outgoing network have been stubbed. [{"name":"http","status":"mocked"},{"name":"http","status":"mocked"},{"name":"https","status":"mocked"},{"name":"https","status":"mocked"},{"name":"net","status":"mocked"}] {"metadata":{"emulator":{"name":"functions"},"function":{"name":"addMessage"},"message":"[runtime-status] [2788] Outgoing network have been stubbed. [{\"name\":\"http\",\"status\":\"mocked\"},{\"name\":\"http\",\"status\":\"mocked\"},{\"name\":\"https\",\"status\":\"mocked\"},{\"name\":\"https\",\"status\":\"mocked\"},{\"name\":\"net\",\"status\":\"mocked\"}]"}}
[debug] [2020-08-30T02:40:34.888Z] [runtime-status] [2788] Resolved module firebase-functions {"declared":true,"installed":true,"version":"3.9.1","resolution":"C:\\Users\\Juan\\Desktop\\Aether - Tickets\\tickets-aether\\functions\\node_modules\\firebase-functions\\lib\\index.js"} {"metadata":{"emulator":{"name":"functions"},"function":{"name":"addMessage"},"message":"[runtime-status] [2788] Resolved module firebase-functions {\"declared\":true,\"installed\":true,\"version\":\"3.9.1\",\"resolution\":\"C:\\\\Users\\\\Juan\\\\Desktop\\\\Aether - Tickets\\\\tickets-aether\\\\functions\\\\node_modules\\\\firebase-functions\\\\lib\\\\index.js\"}"}}
[debug] [2020-08-30T02:40:35.015Z] [runtime-status] [2788] Checked functions.config() {"config":{}} {"metadata":{"emulator":{"name":"functions"},"function":{"name":"addMessage"},"message":"[runtime-status] [2788] Checked functions.config() {\"config\":{}}"}}
[debug] [2020-08-30T02:40:35.015Z] [runtime-status] [2788] firebase-functions has been stubbed. {"functionsResolution":{"declared":true,"installed":true,"version":"3.9.1","resolution":"C:\\Users\\Juan\\Desktop\\Aether - Tickets\\tickets-aether\\functions\\node_modules\\firebase-functions\\lib\\index.js"}} {"metadata":{"emulator":{"name":"functions"},"function":{"name":"addMessage"},"message":"[runtime-status] [2788] firebase-functions has been stubbed. {\"functionsResolution\":{\"declared\":true,\"installed\":true,\"version\":\"3.9.1\",\"resolution\":\"C:\\\\Users\\\\Juan\\\\Desktop\\\\Aether - Tickets\\\\tickets-aether\\\\functions\\\\node_modules\\\\firebase-functions\\\\lib\\\\index.js\"}}"}}
[debug] [2020-08-30T02:40:35.017Z] [runtime-status] [2788] Resolved module firebase-functions {"declared":true,"installed":true,"version":"3.9.1","resolution":"C:\\Users\\Juan\\Desktop\\Aether - Tickets\\tickets-aether\\functions\\node_modules\\firebase-functions\\lib\\index.js"} {"metadata":{"emulator":{"name":"functions"},"function":{"name":"addMessage"},"message":"[runtime-status] [2788] Resolved module firebase-functions {\"declared\":true,\"installed\":true,\"version\":\"3.9.1\",\"resolution\":\"C:\\\\Users\\\\Juan\\\\Desktop\\\\Aether - Tickets\\\\tickets-aether\\\\functions\\\\node_modules\\\\firebase-functions\\\\lib\\\\index.js\"}"}}
[debug] [2020-08-30T02:40:35.019Z] [runtime-status] [2788] Resolved module firebase-admin {"declared":true,"installed":true,"version":"8.13.0","resolution":"C:\\Users\\Juan\\Desktop\\Aether - Tickets\\tickets-aether\\functions\\node_modules\\firebase-admin\\lib\\index.js"} {"metadata":{"emulator":{"name":"functions"},"function":{"name":"addMessage"},"message":"[runtime-status] [2788] Resolved module firebase-admin {\"declared\":true,\"installed\":true,\"version\":\"8.13.0\",\"resolution\":\"C:\\\\Users\\\\Juan\\\\Desktop\\\\Aether - Tickets\\\\tickets-aether\\\\functions\\\\node_modules\\\\firebase-admin\\\\lib\\\\index.js\"}"}}
[debug] [2020-08-30T02:40:35.021Z] [runtime-status] [2788] Resolved module firebase-functions {"declared":true,"installed":true,"version":"3.9.1","resolution":"C:\\Users\\Juan\\Desktop\\Aether - Tickets\\tickets-aether\\functions\\node_modules\\firebase-functions\\lib\\index.js"} {"metadata":{"emulator":{"name":"functions"},"function":{"name":"addMessage"},"message":"[runtime-status] [2788] Resolved module firebase-functions {\"declared\":true,\"installed\":true,\"version\":\"3.9.1\",\"resolution\":\"C:\\\\Users\\\\Juan\\\\Desktop\\\\Aether - Tickets\\\\tickets-aether\\\\functions\\\\node_modules\\\\firebase-functions\\\\lib\\\\index.js\"}"}}
[debug] [2020-08-30T02:40:35.021Z] [runtime-status] [2788] firebase-admin has been stubbed. {"adminResolution":{"declared":true,"installed":true,"version":"8.13.0","resolution":"C:\\Users\\Juan\\Desktop\\Aether - Tickets\\tickets-aether\\functions\\node_modules\\firebase-admin\\lib\\index.js"}} {"metadata":{"emulator":{"name":"functions"},"function":{"name":"addMessage"},"message":"[runtime-status] [2788] firebase-admin has been stubbed. {\"adminResolution\":{\"declared\":true,\"installed\":true,\"version\":\"8.13.0\",\"resolution\":\"C:\\\\Users\\\\Juan\\\\Desktop\\\\Aether - Tickets\\\\tickets-aether\\\\functions\\\\node_modules\\\\firebase-admin\\\\lib\\\\index.js\"}}"}}
[debug] [2020-08-30T02:40:35.415Z] [runtime-status] [2788] initializeApp(DEFAULT) {"databaseURL":"https://aether-ticket.firebaseio.com","storageBucket":"aether-ticket.appspot.com","projectId":"aether-ticket"} {"metadata":{"emulator":{"name":"functions"},"function":{"name":"addMessage"},"message":"[runtime-status] [2788] initializeApp(DEFAULT) {\"databaseURL\":\"https://aether-ticket.firebaseio.com\",\"storageBucket\":\"aether-ticket.appspot.com\",\"projectId\":\"aether-ticket\"}"}}
[debug] [2020-08-30T02:40:35.522Z] [runtime-status] [2788] Trigger "addMessage" has been found, beginning invocation! {"metadata":{"emulator":{"name":"functions"},"function":{"name":"addMessage"},"message":"[runtime-status] [2788] Trigger \"addMessage\" has been found, beginning invocation!"}}
[info] i  functions: Beginning execution of "addMessage" {"metadata":{"emulator":{"name":"functions"},"function":{"name":"addMessage"},"message":"Beginning execution of \"addMessage\""}}
[debug] [2020-08-30T02:40:35.531Z] [runtime-status] [2788] triggerDefinition {"httpsTrigger":{},"name":"addMessage","entryPoint":"addMessage"} {"metadata":{"emulator":{"name":"functions"},"function":{"name":"addMessage"},"message":"[runtime-status] [2788] triggerDefinition {\"httpsTrigger\":{},\"name\":\"addMessage\",\"entryPoint\":\"addMessage\"}"}}
[debug] [2020-08-30T02:40:35.531Z] [runtime-status] [2788] Running addMessage in mode HTTPS {"metadata":{"emulator":{"name":"functions"},"function":{"name":"addMessage"},"message":"[runtime-status] [2788] Running addMessage in mode HTTPS"}}
[debug] [2020-08-30T02:40:35.548Z] [runtime-status] [2788] Attempting to listen to socketPath: \\?\pipe\C:\Users\Juan\Desktop\Aether - Tickets\tickets-aether\functions\2788 {"metadata":{"emulator":{"name":"functions"},"function":{"name":"addMessage"},"message":"[runtime-status] [2788] Attempting to listen to socketPath: \\\\?\\pipe\\C:\\Users\\Juan\\Desktop\\Aether - Tickets\\tickets-aether\\functions\\2788"}}
[debug] [2020-08-30T02:40:35.557Z] [functions] Runtime ready! Sending request! {"metadata":{"emulator":{"name":"functions"},"message":"[functions] Runtime ready! Sending request!"}}
[debug] [2020-08-30T02:40:35.578Z] [runtime-status] [2788] Ephemeral server handling GET request {"metadata":{"emulator":{"name":"functions"},"function":{"name":"addMessage"},"message":"[runtime-status] [2788] Ephemeral server handling GET request"}}
[debug] [2020-08-30T02:40:35.646Z] [runtime-status] [2788] Ephemeral server survived. {"metadata":{"emulator":{"name":"functions"},"function":{"name":"addMessage"},"message":"[runtime-status] [2788] Ephemeral server survived."}}
[info] >  false {"user":false,"metadata":{"emulator":{"name":"functions"},"function":{"name":"addMessage"},"message":"\u001b[90m> \u001b[39m false"}}
[info] >  undefined {"user":"undefined","metadata":{"emulator":{"name":"functions"},"function":{"name":"addMessage"},"message":"\u001b[90m> \u001b[39m undefined"}}
[info] >  Solo estoy probando todo esto {"user":"Solo estoy probando todo esto","metadata":{"emulator":{"name":"functions"},"function":{"name":"addMessage"},"message":"\u001b[90m> \u001b[39m Solo estoy probando todo esto"}}
[info] >   {"user":"","metadata":{"emulator":{"name":"functions"},"function":{"name":"addMessage"},"message":"\u001b[90m> \u001b[39m "}}
[info] >  --  {"user":"-- ","metadata":{"emulator":{"name":"functions"},"function":{"name":"addMessage"},"message":"\u001b[90m> \u001b[39m -- "}}
[info] >   {"user":"","metadata":{"emulator":{"name":"functions"},"function":{"name":"addMessage"},"message":"\u001b[90m> \u001b[39m "}}
[info] >   {"user":"","metadata":{"emulator":{"name":"functions"},"function":{"name":"addMessage"},"message":"\u001b[90m> \u001b[39m "}}
[info] >   <http://dar.unimet.edu.ve> {"user":" <http://dar.unimet.edu.ve>","metadata":{"emulator":{"name":"functions"},"function":{"name":"addMessage"},"message":"\u001b[90m> \u001b[39m  <http://dar.unimet.edu.ve>"}}
[info] >   {"user":"","metadata":{"emulator":{"name":"functions"},"function":{"name":"addMessage"},"message":"\u001b[90m> \u001b[39m "}}
[info] >  juan.lopez@correo.unimet.edu.ve {"user":"juan.lopez@correo.unimet.edu.ve","metadata":{"emulator":{"name":"functions"},"function":{"name":"addMessage"},"message":"\u001b[90m> \u001b[39m juan.lopez@correo.unimet.edu.ve"}}
[info] >  rebotado {"user":"rebotado","metadata":{"emulator":{"name":"functions"},"function":{"name":"addMessage"},"message":"\u001b[90m> \u001b[39m rebotado"}}
[warn] !  functions: Your function timed out after ~60s. To configure this timeout, see
      https://firebase.google.com/docs/functions/manage-functions#set_timeout_and_memory_allocation. {"metadata":{"emulator":{"name":"functions"},"function":{"name":"addMessage"},"message":"Your function timed out after ~60s. To configure this timeout, see\n      https://firebase.google.com/docs/functions/manage-functions#set_timeout_and_memory_allocation."}}
[info] >  C:\Users\Juan\AppData\Roaming\npm\node_modules\firebase-tools\lib\emulator\functionsEmulatorRuntime.js:642 {"user":"C:\\Users\\Juan\\AppData\\Roaming\\npm\\node_modules\\firebase-tools\\lib\\emulator\\functionsEmulatorRuntime.js:642\r","metadata":{"emulator":{"name":"functions"},"function":{"name":"addMessage"},"message":"\u001b[90m> \u001b[39m C:\\Users\\Juan\\AppData\\Roaming\\npm\\node_modules\\firebase-tools\\lib\\emulator\\functionsEmulatorRuntime.js:642\r"}}
[info] >                  throw new Error("Function timed out."); {"user":"                throw new Error(\"Function timed out.\");\r","metadata":{"emulator":{"name":"functions"},"function":{"name":"addMessage"},"message":"\u001b[90m> \u001b[39m                 throw new Error(\"Function timed out.\");\r"}}
[info] >                  ^ {"user":"                ^\r","metadata":{"emulator":{"name":"functions"},"function":{"name":"addMessage"},"message":"\u001b[90m> \u001b[39m                 ^\r"}}
[info] >   {"user":"\r","metadata":{"emulator":{"name":"functions"},"function":{"name":"addMessage"},"message":"\u001b[90m> \u001b[39m \r"}}
[info] >  Error: Function timed out. {"user":"Error: Function timed out.\r","metadata":{"emulator":{"name":"functions"},"function":{"name":"addMessage"},"message":"\u001b[90m> \u001b[39m Error: Function timed out.\r"}}
[info] >      at Timeout._onTimeout (C:\Users\Juan\AppData\Roaming\npm\node_modules\firebase-tools\lib\emulator\functionsEmulatorRuntime.js:642:23) {"user":"    at Timeout._onTimeout (C:\\Users\\Juan\\AppData\\Roaming\\npm\\node_modules\\firebase-tools\\lib\\emulator\\functionsEmulatorRuntime.js:642:23)\r","metadata":{"emulator":{"name":"functions"},"function":{"name":"addMessage"},"message":"\u001b[90m> \u001b[39m     at Timeout._onTimeout (C:\\Users\\Juan\\AppData\\Roaming\\npm\\node_modules\\firebase-tools\\lib\\emulator\\functionsEmulatorRuntime.js:642:23)\r"}}
[info] >      at listOnTimeout (internal/timers.js:549:17) {"user":"    at listOnTimeout (internal/timers.js:549:17)\r","metadata":{"emulator":{"name":"functions"},"function":{"name":"addMessage"},"message":"\u001b[90m> \u001b[39m     at listOnTimeout (internal/timers.js:549:17)\r"}}
[info] >      at processTimers (internal/timers.js:492:7) {"user":"    at processTimers (internal/timers.js:492:7)\r","metadata":{"emulator":{"name":"functions"},"function":{"name":"addMessage"},"message":"\u001b[90m> \u001b[39m     at processTimers (internal/timers.js:492:7)\r"}}
[debug] [2020-08-30T02:41:35.753Z] [worker-addMessage-69f28691-0c70-4a9f-810d-1a3eff2df09a]: exited {"metadata":{"emulator":{"name":"functions"},"message":"[worker-addMessage-69f28691-0c70-4a9f-810d-1a3eff2df09a]: exited"}}
[debug] [2020-08-30T02:41:35.753Z] [worker-addMessage-69f28691-0c70-4a9f-810d-1a3eff2df09a]: FINISHED {"metadata":{"emulator":{"name":"functions"},"message":"[worker-addMessage-69f28691-0c70-4a9f-810d-1a3eff2df09a]: FINISHED"}}
[debug] [2020-08-30T02:41:35.754Z] [work-queue] {"queueLength":0,"workRunningCount":0}
[debug] [2020-08-30T03:02:26.889Z] ----------------------------------------------------------------------
[debug] [2020-08-30T03:02:26.896Z] Command:       C:\Program Files\nodejs\node.exe C:\Users\Juan\AppData\Roaming\npm\node_modules\firebase-tools\lib\bin\firebase.js serve
[debug] [2020-08-30T03:02:26.896Z] CLI Version:   8.7.0
[debug] [2020-08-30T03:02:26.897Z] Platform:      win32
[debug] [2020-08-30T03:02:26.897Z] Node Version:  v12.16.1
[debug] [2020-08-30T03:02:26.899Z] Time:          Sat Aug 29 2020 23:02:26 GMT-0400 (Venezuela Time)
[debug] [2020-08-30T03:02:26.899Z] ----------------------------------------------------------------------
[debug] [2020-08-30T03:02:26.900Z] 
[debug] [2020-08-30T03:02:26.919Z] > command requires scopes: ["email","openid","https://www.googleapis.com/auth/cloudplatformprojects.readonly","https://www.googleapis.com/auth/firebase","https://www.googleapis.com/auth/cloud-platform"]
[debug] [2020-08-30T03:02:26.920Z] > authorizing via signed-in user
[debug] [2020-08-30T03:02:26.921Z] [iam] checking project aether-ticket for permissions ["firebase.projects.get"]
[debug] [2020-08-30T03:02:26.927Z] >>> HTTP REQUEST POST https://cloudresourcemanager.googleapis.com/v1/projects/aether-ticket:testIamPermissions  
 {"permissions":["firebase.projects.get"]}
[debug] [2020-08-30T03:02:28.601Z] <<< HTTP RESPONSE 200 {"content-type":"application/json; charset=UTF-8","vary":"X-Origin, Referer, Origin,Accept-Encoding","date":"Sun, 30 Aug 2020 03:02:26 GMT","server":"ESF","cache-control":"private","x-xss-protection":"0","x-frame-options":"SAMEORIGIN","x-content-type-options":"nosniff","server-timing":"gfet4t7; dur=149","alt-svc":"h3-29=\":443\"; ma=2592000,h3-27=\":443\"; ma=2592000,h3-T051=\":443\"; ma=2592000,h3-T050=\":443\"; ma=2592000,h3-Q050=\":443\"; ma=2592000,h3-Q046=\":443\"; ma=2592000,h3-Q043=\":443\"; ma=2592000,quic=\":443\"; ma=2592000; v=\"46,43\"","accept-ranges":"none","transfer-encoding":"chunked"}
[debug] [2020-08-30T03:02:28.609Z] >>> HTTP REQUEST GET https://firebase.googleapis.com/v1beta1/projects/aether-ticket  
 
[debug] [2020-08-30T03:02:30.555Z] <<< HTTP RESPONSE 200 {"content-type":"application/json; charset=UTF-8","vary":"X-Origin, Referer, Origin,Accept-Encoding","date":"Sun, 30 Aug 2020 03:02:28 GMT","server":"ESF","cache-control":"private","x-xss-protection":"0","x-frame-options":"SAMEORIGIN","x-content-type-options":"nosniff","alt-svc":"h3-29=\":443\"; ma=2592000,h3-27=\":443\"; ma=2592000,h3-T051=\":443\"; ma=2592000,h3-T050=\":443\"; ma=2592000,h3-Q050=\":443\"; ma=2592000,h3-Q046=\":443\"; ma=2592000,h3-Q043=\":443\"; ma=2592000,quic=\":443\"; ma=2592000; v=\"46,43\"","accept-ranges":"none","transfer-encoding":"chunked"}
[info] 
[info] === Serving from 'C:\Users\Juan\Desktop\Aether - Tickets\tickets-aether'...
[info] 
[debug] [2020-08-30T03:02:30.584Z] >>> HTTP REQUEST GET https://firebase.googleapis.com/v1beta1/projects/aether-ticket/webApps/-/config  
 
[debug] [2020-08-30T03:02:31.622Z] <<< HTTP RESPONSE 200 {"content-type":"application/json; charset=UTF-8","vary":"X-Origin, Referer, Origin,Accept-Encoding","date":"Sun, 30 Aug 2020 03:02:30 GMT","server":"ESF","cache-control":"private","x-xss-protection":"0","x-frame-options":"SAMEORIGIN","x-content-type-options":"nosniff","alt-svc":"h3-29=\":443\"; ma=2592000,h3-27=\":443\"; ma=2592000,h3-T051=\":443\"; ma=2592000,h3-T050=\":443\"; ma=2592000,h3-Q050=\":443\"; ma=2592000,h3-Q046=\":443\"; ma=2592000,h3-Q043=\":443\"; ma=2592000,quic=\":443\"; ma=2592000; v=\"46,43\"","accept-ranges":"none","transfer-encoding":"chunked"}
[info] i  hosting[aether-ticket-support]: Serving hosting files from: build {"metadata":{"emulator":{"name":"hosting"},"message":"Serving hosting files from: \u001b[1mbuild\u001b[22m"}}
[info] +  hosting[aether-ticket-support]: Local server: http://localhost:5000 {"metadata":{"emulator":{"name":"hosting"},"message":"Local server: \u001b[4m\u001b[1mhttp://localhost:5000\u001b[22m\u001b[24m"}}
